<?xml version="1.0" encoding="UTF-8"?><testsuite errors="1" failures="0" name="Cuenta y Cliente" skipped="0" tests="1" time="6.26" timestamp="2022-11-16 07:44:45"><testcase name="Como usuario ingreso los datos de la nueva cuenta"><error type="java.lang.NullPointerException"/><system-err>null&#13;
com.guru99.bank.pruebas.steps.NewAccountStep.clicEnElemento(NewAccountStep.java:28)&#13;
com.guru99.bank.pruebas.steps.NewAccountStep.ClickCuenta(NewAccountStep.java:34)&#13;
com.guru99.bank.prueba.stepdefinitions.NewAccountStepDefinition.ingresaLosDatosDeLaCuentaQueSeraCreada(NewAccountStepDefinition.java:63)&#13;
✽.ingresa los datos de la cuenta que sera creada(src/test/resources/features/NewAccount.feature:21)&#13;
</system-err></testcase></testsuite>